<?xml version="1.0" encoding="UTF-8"?>
<!-- Generated by org.testng.reporters.JUnitReportReporter -->
<testsuite hostname="Sanjaypc" failures="0" tests="1" name="testcases.DropdownTest" time="4.297" errors="0" timestamp="2024-12-08T18:36:56 IST" skipped="0">
  <testcase classname="testcases.DropdownTest" name="dropdownhandle" time="4.297"/>
  <system-out/>
</testsuite> <!-- testcases.DropdownTest -->
