<?xml version="1.0" encoding="UTF-8"?>
<!-- Generated by org.testng.reporters.JUnitReportReporter -->
<testsuite hostname="Sanjaypc" failures="0" tests="1" name="testcases.GuielementsTest" time="1.141" errors="0" timestamp="2024-12-08T18:15:12 IST" skipped="0">
  <testcase classname="testcases.GuielementsTest" name="guielements" time="1.141"/>
  <system-out/>
</testsuite> <!-- testcases.GuielementsTest -->
