<?xml version="1.0" encoding="UTF-8"?>
<!-- Generated by org.testng.reporters.JUnitReportReporter -->
<testsuite hostname="Sanjaypc" failures="0" tests="2" name="testcases.GuielementsTest" time="24.608" errors="0" timestamp="2024-12-27T14:19:20 IST" skipped="0">
  <testcase classname="testcases.GuielementsTest" name="guielements" time="16.450"/>
  <system-out/>
  <testcase classname="testcases.GuielementsTest" name="guielements" time="8.158"/>
  <system-out/>
</testsuite> <!-- testcases.GuielementsTest -->
